<?xml version="1.0" encoding="UTF-8"?>
<testsuite xmlns:xsi="http://www.w3.org/2001/XMLSchema-instance" xsi:noNamespaceSchemaLocation="https://maven.apache.org/surefire/maven-surefire-plugin/xsd/surefire-test-report-3.0.xsd" version="3.0" name="runner.RunnerTest" time="5.637" tests="3" errors="0" skipped="0" failures="0">
  <properties>
[...]
</properties>
  <testcase name="Authorization with token" classname="Authorization with token" time="4.094">
    <system-out><![CDATA[HTTP/1.1 200 OK
server: nginx
date: Sun, 12 Dec 2021 15:58:02 GMT
content-type: application/json
content-length: 78
cache-control: no-cache, private
x-robots-tag: noindex,nofollow
x-powered-by: Unisender

{
    "success": true,
    "result": {
        "token": "a8206ad8ee0c34e10e1fdd0741efff07672a3660"
    }
}
Token: a8206ad8ee0c34e10e1fdd0741efff07672a3660
]]></system-out>
    <system-err><![CDATA[log4j:WARN No appenders could be found for logger (org.apache.http.impl.conn.BasicClientConnectionManager).
log4j:WARN Please initialize the log4j system properly.
log4j:WARN See http://logging.apache.org/log4j/1.2/faq.html#noconfig for more info.
]]></system-err>
  </testcase>
  <testcase name="Operation with contact list to send emails" classname="Contact list" time="0.672">
    <system-out><![CDATA[HTTP/1.1 200 OK
server: nginx
date: Sun, 12 Dec 2021 15:58:03 GMT
content-type: application/json; charset=utf-8
transfer-encoding: chunked
set-cookie: US_SESSID=641cc4a2c1b7eafc0f18d68964b01e95; path=/; secure; HttpOnly; SameSite=lax
expires: Sun, 12 Dec 2021 15:58:03 GMT
last-modified: Sun, 12 Dec 2021 15:58:03 GMT
pragma: no-cache
x-username: ryzhik.sasha@list.ru
x-userid: 4594492
x-session-id: 641cc4a2c1b7eafc0f18d68964b01e95
cache-control: max-age=0, must-revalidate, private
content-encoding: gzip
x-robots-tag: noindex,nofollow
x-powered-by: Unisender

{
    "result": {
        "id": 184
    }
}
New client id: 184
HTTP/1.1 200 OK
server: nginx
date: Sun, 12 Dec 2021 15:58:04 GMT
content-type: application/json; charset=utf-8
transfer-encoding: chunked
set-cookie: US_SESSID=3e08c7d1c0e2ee8e45b48303ca3b187a; path=/; secure; HttpOnly; SameSite=lax
expires: Sun, 12 Dec 2021 15:58:04 GMT
last-modified: Sun, 12 Dec 2021 15:58:04 GMT
pragma: no-cache
x-username: ryzhik.sasha@list.ru
x-userid: 4594492
x-session-id: 3e08c7d1c0e2ee8e45b48303ca3b187a
cache-control: max-age=0, must-revalidate, private
content-encoding: gzip
x-robots-tag: noindex,nofollow
x-powered-by: Unisender

{
    "result": {
        
    }
}
HTTP/1.1 200 OK
server: nginx
date: Sun, 12 Dec 2021 15:58:04 GMT
content-type: application/json; charset=utf-8
transfer-encoding: chunked
set-cookie: US_SESSID=ce05061a96ed53703ac0cececc8441ab; path=/; secure; HttpOnly; SameSite=lax
expires: Sun, 12 Dec 2021 15:58:04 GMT
last-modified: Sun, 12 Dec 2021 15:58:04 GMT
pragma: no-cache
x-username: ryzhik.sasha@list.ru
x-userid: 4594492
x-session-id: ce05061a96ed53703ac0cececc8441ab
cache-control: max-age=0, must-revalidate, private
content-encoding: gzip
x-robots-tag: noindex,nofollow
x-powered-by: Unisender

{
    "result": {
        
    }
}
HTTP/1.1 200 OK
server: nginx
date: Sun, 12 Dec 2021 15:58:04 GMT
content-type: application/json; charset=utf-8
transfer-encoding: chunked
set-cookie: US_SESSID=8debdc6b7ce705d65b7a4bdc4ebba102; path=/; secure; HttpOnly; SameSite=lax
expires: Sun, 12 Dec 2021 15:58:04 GMT
last-modified: Sun, 12 Dec 2021 15:58:04 GMT
pragma: no-cache
x-username: ryzhik.sasha@list.ru
x-userid: 4594492
x-session-id: 8debdc6b7ce705d65b7a4bdc4ebba102
cache-control: max-age=0, must-revalidate, private
content-encoding: gzip
x-robots-tag: noindex,nofollow
x-powered-by: Unisender

{
    "result": [
        {
            "id": 11,
            "title": "EZKsPDfwqD"
        },
        {
            "id": 12,
            "title": "dsFStkRoDE"
        },
        {
            "id": 13,
            "title": "CopmBggpmW"
        },
        {
            "id": 14,
            "title": "wTrGcYAeFn"
        },
        {
            "id": 15,
            "title": "UTuYtpDkPq"
        },
        {
            "id": 16,
            "title": "AYXEgmIsJX"
        },
        {
            "id": 17,
            "title": "bLLFgaWnjP"
        },
        {
            "id": 18,
            "title": "hWFBzraxdD"
        },
        {
            "id": 19,
            "title": "ylTlqdhImp"
        },
        {
            "id": 20,
            "title": "HfHukXPiie"
        },
        {
            "id": 21,
            "title": "TmeSRTKnjD"
        },
        {
            "id": 22,
            "title": "AvUUBUcImn"
        },
        {
            "id": 23,
            "title": "RRKUcVNArS"
        },
        {
            "id": 24,
            "title": "FICVjPUSlf"
        },
        {
            "id": 25,
            "title": "GNjoWFiwPo"
        },
        {
            "id": 26,
            "title": "EBbtagtZon"
        },
        {
            "id": 27,
            "title": "CjHoxziNtr"
        },
        {
            "id": 28,
            "title": "DkuXoffWVT"
        },
        {
            "id": 29,
            "title": "ieBQrBuiNJ"
        },
        {
            "id": 30,
            "title": "tfdKtrIfQi"
        },
        {
            "id": 31,
            "title": "cdvMiYWrDZ"
        },
        {
            "id": 32,
            "title": "MJTaHpTmhK"
        },
        {
            "id": 33,
            "title": "bvchRanXtX"
        },
        {
            "id": 34,
            "title": "UYZebIFGZw"
        },
        {
            "id": 35,
            "title": "LiGDwTOxJl"
        },
        {
            "id": 36,
            "title": "LzbFXbITVp"
        },
        {
            "id": 38,
            "title": "JrhdjJXPlG"
        },
        {
            "id": 39,
            "title": "xnxhmreDCq"
        },
        {
            "id": 40,
            "title": "ubxXUsMMuI"
        },
        {
            "id": 41,
            "title": "CfpcMZJUdb"
        },
        {
            "id": 42,
            "title": "aBsZKEzdtV"
        },
        {
            "id": 43,
            "title": "YPNiVkJmVG"
        },
        {
            "id": 44,
            "title": "mvXgegTqHt"
        },
        {
            "id": 45,
            "title": "sExqckmvYr"
        },
        {
            "id": 46,
            "title": "GYGqVQMOhb"
        },
        {
            "id": 47,
            "title": "itRbjgTeoO"
        },
        {
            "id": 48,
            "title": "kkTgFiqUOF"
        },
        {
            "id": 49,
            "title": "tJGjeYKHjx"
        },
        {
            "id": 50,
            "title": "vkgXJBNAFM"
        },
        {
            "id": 51,
            "title": "IGLMSBNCoS"
        },
        {
            "id": 52,
            "title": "xGscymCNfq"
        },
        {
            "id": 53,
            "title": "KBkLAdTrQa"
        },
        {
            "id": 54,
            "title": "KWAtAIXcTI"
        },
        {
            "id": 55,
            "title": "miNmJRbUlU"
        },
        {
            "id": 56,
            "title": "rJNsUWPbEJ"
        },
        {
            "id": 57,
            "title": "peSxVQmczX"
        },
        {
            "id": 58,
            "title": "BTHYspdvjf"
        },
        {
            "id": 59,
            "title": "eBQIHzhmrm"
        },
        {
            "id": 60,
            "title": "JdXWbcLhXF"
        },
        {
            "id": 61,
            "title": "gEGqoahfry"
        },
        {
            "id": 62,
            "title": "IcqLXcaKRC"
        },
        {
            "id": 63,
            "title": "ItNzjKRYgx"
        },
        {
            "id": 64,
            "title": "GfqhcZKHis"
        },
        {
            "id": 65,
            "title": "QLiRFtYvMV"
        },
        {
            "id": 66,
            "title": "dSDfFcnfAA"
        },
        {
            "id": 67,
            "title": "yjalfrRCdc"
        },
        {
            "id": 68,
            "title": "SmYVJmYXXv"
        },
        {
            "id": 69,
            "title": "idTeUjbALt"
        },
        {
            "id": 70,
            "title": "uXyqWcqoTF"
        },
        {
            "id": 71,
            "title": "YBxdpSUfWg"
        },
        {
            "id": 72,
            "title": "QPJGIosmsM"
        },
        {
            "id": 74,
            "title": "XybAnhinjc"
        },
        {
            "id": 75,
            "title": "kVLBCfoUeU"
        },
        {
            "id": 77,
            "title": "aWSjOZmDNI"
        },
        {
            "id": 78,
            "title": "UVgPFNSmSE"
        },
        {
            "id": 79,
            "title": "XPxXFfTCrQ"
        },
        {
            "id": 112,
            "title": "sTuhgnZmbZ"
        },
        {
            "id": 147,
            "title": "aRxEnoOSum"
        },
        {
            "id": 182,
            "title": "wlMRLzqNBl"
        },
        {
            "id": 183,
            "title": "TSZIAfJZts"
        },
        {
            "id": 184,
            "title": "kQWHbnRupC"
        }
    ]
}
]]></system-out>
  </testcase>
  <testcase name="Operation with templates" classname="Templates" time="0.729">
    <system-out><![CDATA[HTTP/1.1 200 OK
server: nginx
date: Sun, 12 Dec 2021 15:58:04 GMT
content-type: application/json; charset=utf-8
transfer-encoding: chunked
set-cookie: US_SESSID=623d6005c0d4460429fa4db3b3acd1d0; path=/; secure; HttpOnly; SameSite=lax
expires: Sun, 12 Dec 2021 15:58:04 GMT
last-modified: Sun, 12 Dec 2021 15:58:04 GMT
pragma: no-cache
x-username: ryzhik.sasha@list.ru
x-userid: 4594492
x-session-id: 623d6005c0d4460429fa4db3b3acd1d0
cache-control: max-age=0, must-revalidate, private
content-encoding: gzip
x-robots-tag: noindex,nofollow
x-powered-by: Unisender

{
    "result": {
        "template_id": 3971762
    },
    "warnings": [
        
    ]
}
HTTP/1.1 200 OK
server: nginx
date: Sun, 12 Dec 2021 15:58:04 GMT
content-type: application/json; charset=utf-8
transfer-encoding: chunked
set-cookie: US_SESSID=47dedb8fe176557a81eafce8b57daf76; path=/; secure; HttpOnly; SameSite=lax
expires: Sun, 12 Dec 2021 15:58:04 GMT
last-modified: Sun, 12 Dec 2021 15:58:04 GMT
pragma: no-cache
x-username: ryzhik.sasha@list.ru
x-userid: 4594492
x-session-id: 47dedb8fe176557a81eafce8b57daf76
cache-control: max-age=0, must-revalidate, private
content-encoding: gzip
x-robots-tag: noindex,nofollow
x-powered-by: Unisender

{
    "result": {
        
    },
    "warnings": [
        
    ]
}
HTTP/1.1 200 OK
server: nginx
date: Sun, 12 Dec 2021 15:58:05 GMT
content-type: application/json; charset=utf-8
transfer-encoding: chunked
set-cookie: US_SESSID=c648e03de6b0e6fb9817368b874ecbbc; path=/; secure; HttpOnly; SameSite=lax
expires: Sun, 12 Dec 2021 15:58:05 GMT
last-modified: Sun, 12 Dec 2021 15:58:05 GMT
pragma: no-cache
x-username: ryzhik.sasha@list.ru
x-userid: 4594492
x-session-id: c648e03de6b0e6fb9817368b874ecbbc
cache-control: max-age=0, must-revalidate, private
content-encoding: gzip
x-robots-tag: noindex,nofollow
x-powered-by: Unisender

{
    "result": [
        {
            "id": 3971762,
            "sub_user_login": "",
            "title": "Autumn sale steam 2021",
            "lang_code": "ru",
            "subject": "Sale",
            "attachments": "",
            "screenshot_url": "https://cp.unisender.com/img/template_preview.png",
            "created": "2021-12-12 15:58:04",
            "updated": "2021-12-12 15:58:04",
            "message_format": "raw_html",
            "type": "user",
            "body": "<p>Вам полагается скидка 10%</p>",
            "raw_body": null
        },
        {
            "id": 3971759,
            "sub_user_login": "",
            "title": "Autumn sale steam 2021",
            "lang_code": "ru",
            "subject": "Sale",
            "attachments": "",
            "screenshot_url": "https://imgrsz.unisender.com/resize/uniscreenshotter.storage.unisender.com/r/150x150/a93d4000616525a0229f8fb74d5a2620/image/screenshot/spa_user_template/7/1/7/5/9/3971759/screen.png?1639324638",
            "created": "2021-12-12 15:57:17",
            "updated": "2021-12-12 15:57:17",
            "message_format": "raw_html",
            "type": "user",
            "body": "<p>Вам полагается скидка 10%</p>",
            "raw_body": null,
            "fullsize_screenshot_url": "https://uniscreenshotter.storage.unisender.com/image/screenshot/spa_user_template/7/1/7/5/9/3971759/screen.png?1639324638"
        },
        {
            "id": 3971756,
            "sub_user_login": "",
            "title": "Autumn sale steam 2021",
            "lang_code": "ru",
            "subject": "Sale",
            "attachments": "",
            "screenshot_url": "https://imgrsz.unisender.com/resize/uniscreenshotter.storage.unisender.com/r/150x150/e8eb98f02708cd0e56ec38c285b2bc74/image/screenshot/spa_user_template/7/1/7/5/6/3971756/screen.png?1639324576",
            "created": "2021-12-12 15:56:14",
            "updated": "2021-12-12 15:56:14",
            "message_format": "raw_html",
            "type": "user",
            "body": "<p>Вам полагается скидка 10%</p>",
            "raw_body": null,
            "fullsize_screenshot_url": "https://uniscreenshotter.storage.unisender.com/image/screenshot/spa_user_template/7/1/7/5/6/3971756/screen.png?1639324576"
        },
        {
            "id": 3932528,
            "sub_user_login": "",
            "title": "Autumn sale steam 2021",
            "lang_code": "ru",
            "subject": "Sale",
            "attachments": "",
            "screenshot_url": "https://imgrsz.unisender.com/resize/uniscreenshotter.storage.unisender.com/r/150x150/b3f9f3c8b8559439b0fcc6f5c321459d/image/screenshot/spa_user_template/3/2/5/2/8/3932528/screen.png?1636908737",
            "created": "2021-11-14 16:52:14",
            "updated": "2021-11-14 16:52:14",
            "message_format": "raw_html",
            "type": "user",
            "body": "<p>Вам полагается скидка 10%</p>",
            "raw_body": null,
            "fullsize_screenshot_url": "https://uniscreenshotter.storage.unisender.com/image/screenshot/spa_user_template/3/2/5/2/8/3932528/screen.png?1636908737"
        },
        {
            "id": 3909977,
            "sub_user_login": "",
            "title": "Autumn sale steam 2021",
            "lang_code": "ru",
            "subject": "Sale",
            "attachments": "",
            "screenshot_url": "https://imgrsz.unisender.com/resize/uniscreenshotter.storage.unisender.com/r/150x150/6166816452e14e2f69390231dd1b3823/image/screenshot/spa_user_template/0/9/9/7/7/3909977/screen.png?1635239967",
            "created": "2021-10-26 09:19:25",
            "updated": "2021-10-26 09:19:25",
            "message_format": "raw_html",
            "type": "user",
            "body": "<p>Вам полагается скидка 10%</p>",
            "raw_body": null,
            "fullsize_screenshot_url": "https://uniscreenshotter.storage.unisender.com/image/screenshot/spa_user_template/0/9/9/7/7/3909977/screen.png?1635239967"
        },
        {
            "id": 3909206,
            "sub_user_login": "",
            "title": "Autumn sale steam 2021",
            "lang_code": "ru",
            "subject": "Sale",
            "attachments": "",
            "screenshot_url": "https://imgrsz.unisender.com/resize/uniscreenshotter.storage.unisender.com/r/150x150/8f743ade430fc0ccfd6a0a22dba22554/image/screenshot/spa_user_template/0/9/2/0/6/3909206/screen.png?1635183768",
            "created": "2021-10-25 17:42:46",
            "updated": "2021-10-25 17:42:46",
            "message_format": "raw_html",
            "type": "user",
            "body": "<p>Вам полагается скидка 10%</p>",
            "raw_body": null,
            "fullsize_screenshot_url": "https://uniscreenshotter.storage.unisender.com/image/screenshot/spa_user_template/0/9/2/0/6/3909206/screen.png?1635183768"
        },
        {
            "id": 3909191,
            "sub_user_login": "",
            "title": "Autumn sale steam 2021",
            "lang_code": "ru",
            "subject": "Sale",
            "attachments": "",
            "screenshot_url": "https://imgrsz.unisender.com/resize/uniscreenshotter.storage.unisender.com/r/150x150/7d8b829fc5c1483be3347cfcfdafa73c/image/screenshot/spa_user_template/0/9/1/9/1/3909191/screen.png?1635183054",
            "created": "2021-10-25 17:30:52",
            "updated": "2021-10-25 17:30:53",
            "message_format": "raw_html",
            "type": "user",
            "body": "<p>Вам полагается скидка 10%</p>",
            "raw_body": null,
            "fullsize_screenshot_url": "https://uniscreenshotter.storage.unisender.com/image/screenshot/spa_user_template/0/9/1/9/1/3909191/screen.png?1635183054"
        },
        {
            "id": 3908645,
            "sub_user_login": "",
            "title": "Autumn sale steam 2021",
            "lang_code": "ru",
            "subject": "Sale",
            "attachments": "",
            "screenshot_url": "https://imgrsz.unisender.com/resize/uniscreenshotter.storage.unisender.com/r/150x150/077e3e028387764324df3d7ea4937d9e/image/screenshot/spa_user_template/0/8/6/4/5/3908645/screen.png?1635165001",
            "created": "2021-10-25 12:29:57",
            "updated": "2021-10-25 12:29:59",
            "message_format": "raw_html",
            "type": "user",
            "body": "<p>Вам полагается скидка 10%</p>",
            "raw_body": null,
            "fullsize_screenshot_url": "https://uniscreenshotter.storage.unisender.com/image/screenshot/spa_user_template/0/8/6/4/5/3908645/screen.png?1635165001"
        },
        {
            "id": 3890084,
            "sub_user_login": "",
            "title": "Autumn sale steam 2021",
            "lang_code": "ru",
            "subject": "Sale",
            "attachments": "",
            "screenshot_url": "https://imgrsz.unisender.com/resize/uniscreenshotter.storage.unisender.com/r/150x150/730569ea7a8b2a7cba16499644a353d6/image/screenshot/spa_user_template/9/0/0/8/4/3890084/screen.png?1633769200",
            "created": "2021-10-09 08:46:37",
            "updated": "2021-10-09 08:46:38",
            "message_format": "raw_html",
            "type": "user",
            "body": "<p>Вам полагается скидка 10%</p>",
            "raw_body": null,
            "fullsize_screenshot_url": "https://uniscreenshotter.storage.unisender.com/image/screenshot/spa_user_template/9/0/0/8/4/3890084/screen.png?1633769200"
        },
        {
            "id": 3890081,
            "sub_user_login": "",
            "title": "Autumn sale steam 2021",
            "lang_code": "ru",
            "subject": "Sale",
            "attachments": "",
            "screenshot_url": "https://imgrsz.unisender.com/resize/uniscreenshotter.storage.unisender.com/r/150x150/56fceb8a1c660bf847b447774f965c29/image/screenshot/spa_user_template/9/0/0/8/1/3890081/screen.png?1633769095",
            "created": "2021-10-09 08:44:54",
            "updated": "2021-10-09 08:44:54",
            "message_format": "raw_html",
            "type": "user",
            "body": "<p>Вам полагается скидка 10%</p>",
            "raw_body": null,
            "fullsize_screenshot_url": "https://uniscreenshotter.storage.unisender.com/image/screenshot/spa_user_template/9/0/0/8/1/3890081/screen.png?1633769095"
        },
        {
            "id": 3890012,
            "sub_user_login": "",
            "title": "Autumn sale steam 2021",
            "lang_code": "ru",
            "subject": "Sale",
            "attachments": "",
            "screenshot_url": "https://imgrsz.unisender.com/resize/uniscreenshotter.storage.unisender.com/r/150x150/52042908d5163b75c4e186ffa288eb11/image/screenshot/spa_user_template/9/0/0/1/2/3890012/screen.png?1633717296",
            "created": "2021-10-08 18:15:39",
            "updated": "2021-10-08 18:21:35",
            "message_format": "raw_html",
            "type": "user",
            "body": "<p>Вам полагается скидка 10%</p>",
            "raw_body": null,
            "fullsize_screenshot_url": "https://uniscreenshotter.storage.unisender.com/image/screenshot/spa_user_template/9/0/0/1/2/3890012/screen.png?1633717296"
        },
        {
            "id": 3888557,
            "sub_user_login": "",
            "title": "Autumn sale steam 2021",
            "lang_code": "ru",
            "subject": "Sale",
            "attachments": "",
            "screenshot_url": "https://imgrsz.unisender.com/resize/uniscreenshotter.storage.unisender.com/r/150x150/b43ace4eb3ba941cedf66e47cd2347b9/image/screenshot/spa_user_template/8/8/5/5/7/3888557/screen.png?1633631966",
            "created": "2021-10-07 18:39:24",
            "updated": "2021-10-07 18:39:24",
            "message_format": "raw_html",
            "type": "user",
            "body": "<p>Вам полагается скидка 10%</p>",
            "raw_body": null,
            "fullsize_screenshot_url": "https://uniscreenshotter.storage.unisender.com/image/screenshot/spa_user_template/8/8/5/5/7/3888557/screen.png?1633631966"
        },
        {
            "id": 3888554,
            "sub_user_login": "",
            "title": "Autumn sale steam 2021",
            "lang_code": "ru",
            "subject": "Sale",
            "attachments": "",
            "screenshot_url": "https://imgrsz.unisender.com/resize/uniscreenshotter.storage.unisender.com/r/150x150/d3aded36081880c9b7c3a8792b8c3d31/image/screenshot/spa_user_template/8/8/5/5/4/3888554/screen.png?1633631837",
            "created": "2021-10-07 18:37:16",
            "updated": "2021-10-07 18:37:16",
            "message_format": "raw_html",
            "type": "user",
            "body": "<p>Вам полагается скидка 10%</p>",
            "raw_body": null,
            "fullsize_screenshot_url": "https://uniscreenshotter.storage.unisender.com/image/screenshot/spa_user_template/8/8/5/5/4/3888554/screen.png?1633631837"
        },
        {
            "id": 3888551,
            "sub_user_login": "",
            "title": "Autumn sale steam 2021",
            "lang_code": "ru",
            "subject": "Sale",
            "attachments": "",
            "screenshot_url": "https://imgrsz.unisender.com/resize/uniscreenshotter.storage.unisender.com/r/150x150/90abfe475e9162d77735d8b69ff70244/image/screenshot/spa_user_template/8/8/5/5/1/3888551/screen.png?1633631693",
            "created": "2021-10-07 18:34:52",
            "updated": "2021-10-07 18:34:52",
            "message_format": "raw_html",
            "type": "user",
            "body": "<p>Вам полагается скидка 10%</p>",
            "raw_body": null,
            "fullsize_screenshot_url": "https://uniscreenshotter.storage.unisender.com/image/screenshot/spa_user_template/8/8/5/5/1/3888551/screen.png?1633631693"
        },
        {
            "id": 3888521,
            "sub_user_login": "",
            "title": "Autumn sale steam 2021",
            "lang_code": "ru",
            "subject": "Sale",
            "attachments": "",
            "screenshot_url": "https://imgrsz.unisender.com/resize/uniscreenshotter.storage.unisender.com/r/150x150/475d4ed969dbb2ddfd085ca1c7b24de7/image/screenshot/spa_user_template/8/8/5/2/1/3888521/screen.png?1633627678",
            "created": "2021-10-07 17:27:56",
            "updated": "2021-10-07 17:27:57",
            "message_format": "raw_html",
            "type": "user",
            "body": "<p>Вам полагается скидка 10%</p>",
            "raw_body": null,
            "fullsize_screenshot_url": "https://uniscreenshotter.storage.unisender.com/image/screenshot/spa_user_template/8/8/5/2/1/3888521/screen.png?1633627678"
        },
        {
            "id": 3888515,
            "sub_user_login": "",
            "title": "Autumn sale steam 2021",
            "lang_code": "ru",
            "subject": "Sale",
            "attachments": "",
            "screenshot_url": "https://imgrsz.unisender.com/resize/uniscreenshotter.storage.unisender.com/r/150x150/8e5abd92fa8c5485d184499e675d312d/image/screenshot/spa_user_template/8/8/5/1/5/3888515/screen.png?1633627566",
            "created": "2021-10-07 17:26:04",
            "updated": "2021-10-07 17:26:04",
            "message_format": "raw_html",
            "type": "user",
            "body": "<p>Вам полагается скидка 10%</p>",
            "raw_body": null,
            "fullsize_screenshot_url": "https://uniscreenshotter.storage.unisender.com/image/screenshot/spa_user_template/8/8/5/1/5/3888515/screen.png?1633627566"
        },
        {
            "id": 3888512,
            "sub_user_login": "",
            "title": "Autumn sale steam 2021",
            "lang_code": "ru",
            "subject": "Sale",
            "attachments": "",
            "screenshot_url": "https://imgrsz.unisender.com/resize/uniscreenshotter.storage.unisender.com/r/150x150/0b6f03f31220367f76fa0247ea7e2d1b/image/screenshot/spa_user_template/8/8/5/1/2/3888512/screen.png?1633626978",
            "created": "2021-10-07 17:16:16",
            "updated": "2021-10-07 17:16:16",
            "message_format": "raw_html",
            "type": "user",
            "body": "<p>Вам полагается скидка 10%</p>",
            "raw_body": null,
            "fullsize_screenshot_url": "https://uniscreenshotter.storage.unisender.com/image/screenshot/spa_user_template/8/8/5/1/2/3888512/screen.png?1633626978"
        },
        {
            "id": 3888509,
            "sub_user_login": "",
            "title": "Autumn sale steam 2021",
            "lang_code": "ru",
            "subject": "Sale",
            "attachments": "",
            "screenshot_url": "https://imgrsz.unisender.com/resize/uniscreenshotter.storage.unisender.com/r/150x150/ef31f19166468455eb3ea7f6751d2d30/image/screenshot/spa_user_template/8/8/5/0/9/3888509/screen.png?1633626808",
            "created": "2021-10-07 17:13:26",
            "updated": "2021-10-07 17:13:26",
            "message_format": "raw_html",
            "type": "user",
            "body": "<p>Вам полагается скидка 10%</p>",
            "raw_body": null,
            "fullsize_screenshot_url": "https://uniscreenshotter.storage.unisender.com/image/screenshot/spa_user_template/8/8/5/0/9/3888509/screen.png?1633626808"
        },
        {
            "id": 3888491,
            "sub_user_login": "",
            "title": "Autumn sale steam 2021",
            "lang_code": "ru",
            "subject": "Sale",
            "attachments": "",
            "screenshot_url": "https://imgrsz.unisender.com/resize/uniscreenshotter.storage.unisender.com/r/150x150/c811cc5fef8d636ef7fbb0cd136f2f56/image/screenshot/spa_user_template/8/8/4/9/1/3888491/screen.png?1633624690",
            "created": "2021-10-07 16:38:08",
            "updated": "2021-10-07 16:38:09",
            "message_format": "raw_html",
            "type": "user",
            "body": "<p>Вам полагается скидка 10%</p>",
            "raw_body": null,
            "fullsize_screenshot_url": "https://uniscreenshotter.storage.unisender.com/image/screenshot/spa_user_template/8/8/4/9/1/3888491/screen.png?1633624690"
        },
        {
            "id": 3888485,
            "sub_user_login": "",
            "title": "Autumn sale steam 2021",
            "lang_code": "ru",
            "subject": "Sale",
            "attachments": "",
            "screenshot_url": "https://imgrsz.unisender.com/resize/uniscreenshotter.storage.unisender.com/r/150x150/02bc6ce136a6a801563dd0ca3ffe7f66/image/screenshot/spa_user_template/8/8/4/8/5/3888485/screen.png?1633624014",
            "created": "2021-10-07 16:26:53",
            "updated": "2021-10-07 16:26:53",
            "message_format": "raw_html",
            "type": "user",
            "body": "<p>Вам полагается скидка 10%</p>",
            "raw_body": null,
            "fullsize_screenshot_url": "https://uniscreenshotter.storage.unisender.com/image/screenshot/spa_user_template/8/8/4/8/5/3888485/screen.png?1633624014"
        },
        {
            "id": 3888332,
            "sub_user_login": "",
            "title": "Autumn sale steam 2021",
            "lang_code": "ru",
            "subject": "Sale",
            "attachments": "",
            "screenshot_url": "https://imgrsz.unisender.com/resize/uniscreenshotter.storage.unisender.com/r/150x150/00452cbeb33f46d097f2808b3614eb18/image/screenshot/spa_user_template/8/8/3/3/2/3888332/screen.png?1633614474",
            "created": "2021-10-07 13:47:52",
            "updated": "2021-10-07 13:47:52",
            "message_format": "raw_html",
            "type": "user",
            "body": "<p>Вам полагается скидка 10%</p>",
            "raw_body": null,
            "fullsize_screenshot_url": "https://uniscreenshotter.storage.unisender.com/image/screenshot/spa_user_template/8/8/3/3/2/3888332/screen.png?1633614474"
        },
        {
            "id": 3888308,
            "sub_user_login": "",
            "title": "Autumn sale steam 2021",
            "lang_code": "ru",
            "subject": "Sale",
            "attachments": "",
            "screenshot_url": "https://imgrsz.unisender.com/resize/uniscreenshotter.storage.unisender.com/r/150x150/13125a289f176c554c5b6d12129c6480/image/screenshot/spa_user_template/8/8/3/0/8/3888308/screen.png?1633614004",
            "created": "2021-10-07 13:40:02",
            "updated": "2021-10-07 13:40:03",
            "message_format": "raw_html",
            "type": "user",
            "body": "<p>Вам полагается скидка 10%</p>",
            "raw_body": null,
            "fullsize_screenshot_url": "https://uniscreenshotter.storage.unisender.com/image/screenshot/spa_user_template/8/8/3/0/8/3888308/screen.png?1633614004"
        },
        {
            "id": 3888266,
            "sub_user_login": "",
            "title": "Autumn sale steam 2021",
            "lang_code": "ru",
            "subject": "Sale",
            "attachments": "",
            "screenshot_url": "https://imgrsz.unisender.com/resize/uniscreenshotter.storage.unisender.com/r/150x150/45c0a1913dc40dc565db789533ad0914/image/screenshot/spa_user_template/8/8/2/6/6/3888266/screen.png?1633613266",
            "created": "2021-10-07 13:27:44",
            "updated": "2021-10-07 13:27:45",
            "message_format": "raw_html",
            "type": "user",
            "body": "<p>Вам полагается скидка 10%</p>",
            "raw_body": null,
            "fullsize_screenshot_url": "https://uniscreenshotter.storage.unisender.com/image/screenshot/spa_user_template/8/8/2/6/6/3888266/screen.png?1633613266"
        },
        {
            "id": 3888260,
            "sub_user_login": "",
            "title": "Autumn sale steam 2021",
            "lang_code": "ru",
            "subject": "Sale",
            "attachments": "",
            "screenshot_url": "https://imgrsz.unisender.com/resize/uniscreenshotter.storage.unisender.com/r/150x150/ea006a8ba29fdbfddfdfd50ba6559bb1/image/screenshot/spa_user_template/8/8/2/6/0/3888260/screen.png?1633613212",
            "created": "2021-10-07 13:26:51",
            "updated": "2021-10-07 13:26:51",
            "message_format": "raw_html",
            "type": "user",
            "body": "<p>Вам полагается скидка 10%</p>",
            "raw_body": null,
            "fullsize_screenshot_url": "https://uniscreenshotter.storage.unisender.com/image/screenshot/spa_user_template/8/8/2/6/0/3888260/screen.png?1633613212"
        },
        {
            "id": 3888254,
            "sub_user_login": "",
            "title": "Autumn sale steam 2021",
            "lang_code": "ru",
            "subject": "Sale",
            "attachments": "",
            "screenshot_url": "https://imgrsz.unisender.com/resize/uniscreenshotter.storage.unisender.com/r/150x150/bafc033d8f1cee6aa3c95ad9b23ddc71/image/screenshot/spa_user_template/8/8/2/5/4/3888254/screen.png?1633613089",
            "created": "2021-10-07 13:24:47",
            "updated": "2021-10-07 13:24:48",
            "message_format": "raw_html",
            "type": "user",
            "body": "<p>Вам полагается скидка 10%</p>",
            "raw_body": null,
            "fullsize_screenshot_url": "https://uniscreenshotter.storage.unisender.com/image/screenshot/spa_user_template/8/8/2/5/4/3888254/screen.png?1633613089"
        },
        {
            "id": 3888233,
            "sub_user_login": "",
            "title": "Autumn sale steam 2021",
            "lang_code": "ru",
            "subject": "Sale",
            "attachments": "",
            "screenshot_url": "https://imgrsz.unisender.com/resize/uniscreenshotter.storage.unisender.com/r/150x150/6da2b5cce2a5f30daf7723119c9562fb/image/screenshot/spa_user_template/8/8/2/3/3/3888233/screen.png?1633612331",
            "created": "2021-10-07 13:12:09",
            "updated": "2021-10-07 13:12:09",
            "message_format": "raw_html",
            "type": "user",
            "body": "<p>Вам полагается скидка 10%</p>",
            "raw_body": null,
            "fullsize_screenshot_url": "https://uniscreenshotter.storage.unisender.com/image/screenshot/spa_user_template/8/8/2/3/3/3888233/screen.png?1633612331"
        },
        {
            "id": 3888197,
            "sub_user_login": "",
            "title": "Autumn sale steam 2021",
            "lang_code": "ru",
            "subject": "Sale",
            "attachments": "",
            "screenshot_url": "https://imgrsz.unisender.com/resize/uniscreenshotter.storage.unisender.com/r/150x150/ee67739b6a59837131ab5947e18900e3/image/screenshot/spa_user_template/8/8/1/9/7/3888197/screen.png?1633611401",
            "created": "2021-10-07 12:56:39",
            "updated": "2021-10-07 12:56:40",
            "message_format": "raw_html",
            "type": "user",
            "body": "<p>Вам полагается скидка 10%</p>",
            "raw_body": null,
            "fullsize_screenshot_url": "https://uniscreenshotter.storage.unisender.com/image/screenshot/spa_user_template/8/8/1/9/7/3888197/screen.png?1633611401"
        },
        {
            "id": 3888161,
            "sub_user_login": "",
            "title": "Autumn sale steam 2021",
            "lang_code": "ru",
            "subject": "Sale",
            "attachments": "",
            "screenshot_url": "https://imgrsz.unisender.com/resize/uniscreenshotter.storage.unisender.com/r/150x150/6144b7b1975c8169bb932c9f70a809ca/image/screenshot/spa_user_template/8/8/1/6/1/3888161/screen.png?1633610730",
            "created": "2021-10-07 12:45:28",
            "updated": "2021-10-07 12:45:29",
            "message_format": "raw_html",
            "type": "user",
            "body": "<p>Вам полагается скидка 10%</p>",
            "raw_body": null,
            "fullsize_screenshot_url": "https://uniscreenshotter.storage.unisender.com/image/screenshot/spa_user_template/8/8/1/6/1/3888161/screen.png?1633610730"
        },
        {
            "id": 3888011,
            "sub_user_login": "",
            "title": "Autumn sale steam 2021",
            "lang_code": "ru",
            "subject": "Sale",
            "attachments": "",
            "screenshot_url": "https://imgrsz.unisender.com/resize/uniscreenshotter.storage.unisender.com/r/150x150/07d64127bd65a28bd44ea6bb85db4c7a/image/screenshot/spa_user_template/8/8/0/1/1/3888011/screen.png?1633608384",
            "created": "2021-10-07 12:06:23",
            "updated": "2021-10-07 12:06:23",
            "message_format": "raw_html",
            "type": "user",
            "body": "<p>Вам полагается скидка 10%</p>",
            "raw_body": null,
            "fullsize_screenshot_url": "https://uniscreenshotter.storage.unisender.com/image/screenshot/spa_user_template/8/8/0/1/1/3888011/screen.png?1633608384"
        },
        {
            "id": 3888002,
            "sub_user_login": "",
            "title": "Autumn sale steam 2021",
            "lang_code": "ru",
            "subject": "Sale",
            "attachments": "",
            "screenshot_url": "https://imgrsz.unisender.com/resize/uniscreenshotter.storage.unisender.com/r/150x150/0c9ed8caa920c240e62c9f37fc624185/image/screenshot/spa_user_template/8/8/0/0/2/3888002/screen.png?1633608103",
            "created": "2021-10-07 12:01:41",
            "updated": "2021-10-07 12:01:42",
            "message_format": "raw_html",
            "type": "user",
            "body": "<p>Вам полагается скидка 10%</p>",
            "raw_body": null,
            "fullsize_screenshot_url": "https://uniscreenshotter.storage.unisender.com/image/screenshot/spa_user_template/8/8/0/0/2/3888002/screen.png?1633608103"
        },
        {
            "id": 3887993,
            "sub_user_login": "",
            "title": "Autumn sale steam 2021",
            "lang_code": "ru",
            "subject": "Sale",
            "attachments": "",
            "screenshot_url": "https://imgrsz.unisender.com/resize/uniscreenshotter.storage.unisender.com/r/150x150/c127e8ef4289e7bc5124267e5aaae955/image/screenshot/spa_user_template/8/7/9/9/3/3887993/screen.png?1633607727",
            "created": "2021-10-07 11:55:22",
            "updated": "2021-10-07 11:55:25",
            "message_format": "raw_html",
            "type": "user",
            "body": "<p>Вам полагается скидка 10%</p>",
            "raw_body": null,
            "fullsize_screenshot_url": "https://uniscreenshotter.storage.unisender.com/image/screenshot/spa_user_template/8/7/9/9/3/3887993/screen.png?1633607727"
        },
        {
            "id": 3887963,
            "sub_user_login": "",
            "title": "Autumn sale steam 2021",
            "lang_code": "ru",
            "subject": "Sale",
            "attachments": "",
            "screenshot_url": "https://imgrsz.unisender.com/resize/uniscreenshotter.storage.unisender.com/r/150x150/3040aad5217a8ef7c2fbbd5fd117d0a4/image/screenshot/spa_user_template/8/7/9/6/3/3887963/screen.png?1633606829",
            "created": "2021-10-07 11:40:28",
            "updated": "2021-10-07 11:40:28",
            "message_format": "raw_html",
            "type": "user",
            "body": "<p>Вам полагается скидка 10%</p>",
            "raw_body": null,
            "fullsize_screenshot_url": "https://uniscreenshotter.storage.unisender.com/image/screenshot/spa_user_template/8/7/9/6/3/3887963/screen.png?1633606829"
        },
        {
            "id": 3887939,
            "sub_user_login": "",
            "title": "Autumn sale steam 2021",
            "lang_code": "ru",
            "subject": "Sale",
            "attachments": "",
            "screenshot_url": "https://imgrsz.unisender.com/resize/uniscreenshotter.storage.unisender.com/r/150x150/5350ad19c0ccb3564b1ec9988f355d0f/image/screenshot/spa_user_template/8/7/9/3/9/3887939/screen.png?1633605779",
            "created": "2021-10-07 11:22:57",
            "updated": "2021-10-07 11:22:58",
            "message_format": "raw_html",
            "type": "user",
            "body": "<p>Вам полагается скидка 10%</p>",
            "raw_body": null,
            "fullsize_screenshot_url": "https://uniscreenshotter.storage.unisender.com/image/screenshot/spa_user_template/8/7/9/3/9/3887939/screen.png?1633605779"
        },
        {
            "id": 3887927,
            "sub_user_login": "",
            "title": "Autumn sale steam 2021",
            "lang_code": "ru",
            "subject": "Sale",
            "attachments": "",
            "screenshot_url": "https://imgrsz.unisender.com/resize/uniscreenshotter.storage.unisender.com/r/150x150/9d380208bbbd03adf6ae43bfa8737701/image/screenshot/spa_user_template/8/7/9/2/7/3887927/screen.png?1633605560",
            "created": "2021-10-07 11:19:17",
            "updated": "2021-10-07 11:19:19",
            "message_format": "raw_html",
            "type": "user",
            "body": "<p>Вам полагается скидка 10%</p>",
            "raw_body": null,
            "fullsize_screenshot_url": "https://uniscreenshotter.storage.unisender.com/image/screenshot/spa_user_template/8/7/9/2/7/3887927/screen.png?1633605560"
        },
        {
            "id": 3887900,
            "sub_user_login": "",
            "title": "Autumn sale steam 2021",
            "lang_code": "ru",
            "subject": "Sale",
            "attachments": "",
            "screenshot_url": "https://imgrsz.unisender.com/resize/uniscreenshotter.storage.unisender.com/r/150x150/5b82bb3df686e9d12b341602572cf999/image/screenshot/spa_user_template/8/7/9/0/0/3887900/screen.png?1633604880",
            "created": "2021-10-07 11:07:59",
            "updated": "2021-10-07 11:07:59",
            "message_format": "raw_html",
            "type": "user",
            "body": "<p>Вам полагается скидка 10%</p>",
            "raw_body": null,
            "fullsize_screenshot_url": "https://uniscreenshotter.storage.unisender.com/image/screenshot/spa_user_template/8/7/9/0/0/3887900/screen.png?1633604880"
        },
        {
            "id": 3887879,
            "sub_user_login": "",
            "title": "Autumn sale steam 2021",
            "lang_code": "ru",
            "subject": "Sale",
            "attachments": "",
            "screenshot_url": "https://imgrsz.unisender.com/resize/uniscreenshotter.storage.unisender.com/r/150x150/33d5c7065b099fc6bc8bd05f2a4f03ef/image/screenshot/spa_user_template/8/7/8/7/9/3887879/screen.png?1633604171",
            "created": "2021-10-07 10:56:07",
            "updated": "2021-10-07 10:56:10",
            "message_format": "raw_html",
            "type": "user",
            "body": "<p>Вам полагается скидка 10%</p>",
            "raw_body": null,
            "fullsize_screenshot_url": "https://uniscreenshotter.storage.unisender.com/image/screenshot/spa_user_template/8/7/8/7/9/3887879/screen.png?1633604171"
        },
        {
            "id": 3887126,
            "sub_user_login": "",
            "title": "Autumn sale steam 2021",
            "lang_code": "ru",
            "subject": "Sale",
            "attachments": "",
            "screenshot_url": "https://imgrsz.unisender.com/resize/uniscreenshotter.storage.unisender.com/r/150x150/b02fb7136566a9ac2bfbe1b0b19789b3/image/screenshot/spa_user_template/8/7/1/2/6/3887126/screen.png?1633550566",
            "created": "2021-10-06 20:02:44",
            "updated": "2021-10-06 20:02:44",
            "message_format": "raw_html",
            "type": "user",
            "body": "<p>Р’Р°Рј РїРѕР»Р°РіР°РµС‚СЃСЏ СЃРєРёРґРєР° 10%</p>",
            "raw_body": null,
            "fullsize_screenshot_url": "https://uniscreenshotter.storage.unisender.com/image/screenshot/spa_user_template/8/7/1/2/6/3887126/screen.png?1633550566"
        },
        {
            "id": 3887123,
            "sub_user_login": "",
            "title": "Autumn sale steam 2021",
            "lang_code": "ru",
            "subject": "Sale",
            "attachments": "",
            "screenshot_url": "https://imgrsz.unisender.com/resize/uniscreenshotter.storage.unisender.com/r/150x150/60961769d2eb6ba4bab78ca63c18c59c/image/screenshot/spa_user_template/8/7/1/2/3/3887123/screen.png?1633550260",
            "created": "2021-10-06 19:57:36",
            "updated": "2021-10-06 19:57:39",
            "message_format": "raw_html",
            "type": "user",
            "body": "<p>Р’Р°Рј РїРѕР»Р°РіР°РµС‚СЃСЏ СЃРєРёРґРєР° 10%</p>",
            "raw_body": null,
            "fullsize_screenshot_url": "https://uniscreenshotter.storage.unisender.com/image/screenshot/spa_user_template/8/7/1/2/3/3887123/screen.png?1633550260"
        },
        {
            "id": 3887102,
            "sub_user_login": "",
            "title": "Autumn sale steam 2021",
            "lang_code": "ru",
            "subject": "Sale",
            "attachments": "",
            "screenshot_url": "https://imgrsz.unisender.com/resize/uniscreenshotter.storage.unisender.com/r/150x150/39974373ec8f4f7bcc0d10a74c44fc95/image/screenshot/spa_user_template/8/7/1/0/2/3887102/screen.png?1633549129",
            "created": "2021-10-06 19:38:47",
            "updated": "2021-10-06 19:38:48",
            "message_format": "raw_html",
            "type": "user",
            "body": "<p>Р’Р°Рј РїРѕР»Р°РіР°РµС‚СЃСЏ СЃРєРёРґРєР° 10%</p>",
            "raw_body": null,
            "fullsize_screenshot_url": "https://uniscreenshotter.storage.unisender.com/image/screenshot/spa_user_template/8/7/1/0/2/3887102/screen.png?1633549129"
        },
        {
            "id": 3887090,
            "sub_user_login": "",
            "title": "Autumn sale steam 2021",
            "lang_code": "ru",
            "subject": "Sale",
            "attachments": "",
            "screenshot_url": "https://imgrsz.unisender.com/resize/uniscreenshotter.storage.unisender.com/r/150x150/a59198188bdf0b8196bb160c9322eb1e/image/screenshot/spa_user_template/8/7/0/9/0/3887090/screen.png?1633548559",
            "created": "2021-10-06 19:29:17",
            "updated": "2021-10-06 19:29:17",
            "message_format": "raw_html",
            "type": "user",
            "body": "<p>Р’Р°Рј РїРѕР»Р°РіР°РµС‚СЃСЏ СЃРєРёРґРєР° 10%</p>",
            "raw_body": null,
            "fullsize_screenshot_url": "https://uniscreenshotter.storage.unisender.com/image/screenshot/spa_user_template/8/7/0/9/0/3887090/screen.png?1633548559"
        },
        {
            "id": 3887081,
            "sub_user_login": "",
            "title": "Autumn sale steam 2021",
            "lang_code": "ru",
            "subject": "Sale",
            "attachments": "",
            "screenshot_url": "https://imgrsz.unisender.com/resize/uniscreenshotter.storage.unisender.com/r/150x150/5fd437aa6f2371eec63ce06c629ec2d6/image/screenshot/spa_user_template/8/7/0/8/1/3887081/screen.png?1633548157",
            "created": "2021-10-06 19:22:34",
            "updated": "2021-10-06 19:22:36",
            "message_format": "raw_html",
            "type": "user",
            "body": "<p>Р’Р°Рј РїРѕР»Р°РіР°РµС‚СЃСЏ СЃРєРёРґРєР° 10%</p>",
            "raw_body": null,
            "fullsize_screenshot_url": "https://uniscreenshotter.storage.unisender.com/image/screenshot/spa_user_template/8/7/0/8/1/3887081/screen.png?1633548157"
        },
        {
            "id": 3887078,
            "sub_user_login": "",
            "title": "Autumn sale steam 2021",
            "lang_code": "ru",
            "subject": "Sale",
            "attachments": "",
            "screenshot_url": "https://imgrsz.unisender.com/resize/uniscreenshotter.storage.unisender.com/r/150x150/1f71867a070c6f9238694e24a2fd461b/image/screenshot/spa_user_template/8/7/0/7/8/3887078/screen.png?1633547281",
            "created": "2021-10-06 19:08:00",
            "updated": "2021-10-06 19:08:00",
            "message_format": "raw_html",
            "type": "user",
            "body": "<p>Р’Р°Рј РїРѕР»Р°РіР°РµС‚СЃСЏ СЃРєРёРґРєР° 10%</p>",
            "raw_body": null,
            "fullsize_screenshot_url": "https://uniscreenshotter.storage.unisender.com/image/screenshot/spa_user_template/8/7/0/7/8/3887078/screen.png?1633547281"
        },
        {
            "id": 3887072,
            "sub_user_login": "",
            "title": "Autumn sale steam 2021",
            "lang_code": "ru",
            "subject": "Sale",
            "attachments": "",
            "screenshot_url": "https://imgrsz.unisender.com/resize/uniscreenshotter.storage.unisender.com/r/150x150/5c2839ffeaac20517be1c79333cb0940/image/screenshot/spa_user_template/8/7/0/7/2/3887072/screen.png?1633547105",
            "created": "2021-10-06 19:05:03",
            "updated": "2021-10-06 19:05:04",
            "message_format": "raw_html",
            "type": "user",
            "body": "<p>Вам полагается скидка 10%</p>",
            "raw_body": null,
            "fullsize_screenshot_url": "https://uniscreenshotter.storage.unisender.com/image/screenshot/spa_user_template/8/7/0/7/2/3887072/screen.png?1633547105"
        },
        {
            "id": 3864467,
            "sub_user_login": "",
            "title": "Autumn sale steam 2021",
            "lang_code": "ru",
            "subject": "Sale",
            "attachments": "",
            "screenshot_url": "https://imgrsz.unisender.com/resize/uniscreenshotter.storage.unisender.com/r/150x150/a430cb78ddee0fbed4186358f916bb94/image/screenshot/spa_user_template/6/4/4/6/7/3864467/screen.png?1632071645",
            "created": "2021-09-19 17:14:02",
            "updated": "2021-09-19 17:14:03",
            "message_format": "raw_html",
            "type": "user",
            "body": "<p>Вам полагается скидка 10%</p>",
            "raw_body": null,
            "fullsize_screenshot_url": "https://uniscreenshotter.storage.unisender.com/image/screenshot/spa_user_template/6/4/4/6/7/3864467/screen.png?1632071645"
        },
        {
            "id": 3864206,
            "sub_user_login": "",
            "title": "Autumn sale steam 2021",
            "lang_code": "ru",
            "subject": "Sale",
            "attachments": "",
            "screenshot_url": "https://imgrsz.unisender.com/resize/uniscreenshotter.storage.unisender.com/r/150x150/b7c3802f30fc2d0ca3acb46ce1ca651b/image/screenshot/spa_user_template/6/4/2/0/6/3864206/screen.png?1631993936",
            "created": "2021-09-18 19:38:54",
            "updated": "2021-09-18 19:38:54",
            "message_format": "raw_html",
            "type": "user",
            "body": "<p>Вам полагается скидка 10%</p>",
            "raw_body": null,
            "fullsize_screenshot_url": "https://uniscreenshotter.storage.unisender.com/image/screenshot/spa_user_template/6/4/2/0/6/3864206/screen.png?1631993936"
        },
        {
            "id": 3864203,
            "sub_user_login": "",
            "title": "Autumn sale steam 2021",
            "lang_code": "ru",
            "subject": "Sale",
            "attachments": "",
            "screenshot_url": "https://imgrsz.unisender.com/resize/uniscreenshotter.storage.unisender.com/r/150x150/63ef8f59c08f50151bc9db7fa1efbb6e/image/screenshot/spa_user_template/6/4/2/0/3/3864203/screen.png?1631993915",
            "created": "2021-09-18 19:38:32",
            "updated": "2021-09-18 19:38:33",
            "message_format": "raw_html",
            "type": "user",
            "body": "<p>Вам полагается скидка 10%</p>",
            "raw_body": null,
            "fullsize_screenshot_url": "https://uniscreenshotter.storage.unisender.com/image/screenshot/spa_user_template/6/4/2/0/3/3864203/screen.png?1631993915"
        },
        {
            "id": 3864200,
            "sub_user_login": "",
            "title": "Autumn sale steam 2021",
            "lang_code": "ru",
            "subject": "Sale",
            "attachments": "",
            "screenshot_url": "https://imgrsz.unisender.com/resize/uniscreenshotter.storage.unisender.com/r/150x150/4c307f05da4f02550e3051d6f9a0b2a4/image/screenshot/spa_user_template/6/4/2/0/0/3864200/screen.png?1631992053",
            "created": "2021-09-18 19:07:28",
            "updated": "2021-09-18 19:07:31",
            "message_format": "raw_html",
            "type": "user",
            "body": "<p>Вам полагается скидка 10%</p>",
            "raw_body": null,
            "fullsize_screenshot_url": "https://uniscreenshotter.storage.unisender.com/image/screenshot/spa_user_template/6/4/2/0/0/3864200/screen.png?1631992053"
        },
        {
            "id": 3864197,
            "sub_user_login": "",
            "title": "Autumn sale steam 2021",
            "lang_code": "ru",
            "subject": "Sale",
            "attachments": "",
            "screenshot_url": "https://imgrsz.unisender.com/resize/uniscreenshotter.storage.unisender.com/r/150x150/4a30f125f8892d354bdd1cdad1619d06/image/screenshot/spa_user_template/6/4/1/9/7/3864197/screen.png?1631991015",
            "created": "2021-09-18 18:50:13",
            "updated": "2021-09-18 18:50:13",
            "message_format": "raw_html",
            "type": "user",
            "body": "<p>Вам полагается скидка 10%</p>",
            "raw_body": null,
            "fullsize_screenshot_url": "https://uniscreenshotter.storage.unisender.com/image/screenshot/spa_user_template/6/4/1/9/7/3864197/screen.png?1631991015"
        },
        {
            "id": 3864194,
            "sub_user_login": "",
            "title": "Autumn sale steam 2021",
            "lang_code": "ru",
            "subject": "Sale",
            "attachments": "",
            "screenshot_url": "https://imgrsz.unisender.com/resize/uniscreenshotter.storage.unisender.com/r/150x150/29086f2ab565e3f7dd12684b2824c1ba/image/screenshot/spa_user_template/6/4/1/9/4/3864194/screen.png?1631987964",
            "created": "2021-09-18 17:59:21",
            "updated": "2021-09-18 17:59:22",
            "message_format": "raw_html",
            "type": "user",
            "body": "<p>Вам полагается скидка 10%</p>",
            "raw_body": null,
            "fullsize_screenshot_url": "https://uniscreenshotter.storage.unisender.com/image/screenshot/spa_user_template/6/4/1/9/4/3864194/screen.png?1631987964"
        },
        {
            "id": 3864191,
            "sub_user_login": "",
            "title": "Autumn sale steam 2021",
            "lang_code": "ru",
            "subject": "Sale",
            "attachments": "",
            "screenshot_url": "https://imgrsz.unisender.com/resize/uniscreenshotter.storage.unisender.com/r/150x150/fc75659eaa0c79f66dca13ec05af4a15/image/screenshot/spa_user_template/6/4/1/9/1/3864191/screen.png?1631987483",
            "created": "2021-09-18 17:51:21",
            "updated": "2021-09-18 17:51:22",
            "message_format": "raw_html",
            "type": "user",
            "body": "<p>Вам полагается скидка 10%</p>",
            "raw_body": null,
            "fullsize_screenshot_url": "https://uniscreenshotter.storage.unisender.com/image/screenshot/spa_user_template/6/4/1/9/1/3864191/screen.png?1631987483"
        }
    ]
}
]]></system-out>
  </testcase>
</testsuite>